<?xml version="1.0" encoding="UTF-8"?>
<!-- Generated by org.testng.reporters.JUnitReportReporter -->
<testsuite hostname="LAPTOP-6KJ936L2" failures="0" tests="1" name="stepDefinitions.ReqResSpec" time="2.572" errors="0" timestamp="2023-10-15T01:10:52 CEST" skipped="0">
  <testcase classname="stepDefinitions.ReqResSpec" name="newIssueTest" time="2.572"/>
</testsuite> <!-- stepDefinitions.ReqResSpec -->
