<?xml version="1.0" encoding="UTF-8"?>
<!-- Generated by org.testng.reporters.JUnitReportReporter -->
<testsuite hostname="LAPTOP-6KJ936L2" failures="0" tests="1" name="com.abnamro.test.EdgeCaseIssueApiTest" time="2.082" errors="0" timestamp="2023-10-14T01:31:39 CEST" skipped="0">
  <testcase classname="com.abnamro.test.EdgeCaseIssueApiTest" name="newIssueTest" time="2.082"/>
</testsuite> <!-- com.abnamro.test.EdgeCaseIssueApiTest -->
