<?xml version="1.0" encoding="UTF-8"?>
<!-- Generated by org.testng.reporters.JUnitReportReporter -->
<testsuite hostname="LAPTOP-6KJ936L2" failures="0" tests="4" name="com.abnamro.test.NewIssueTest" time="3.728" errors="0" timestamp="2023-10-13T23:34:41 CEST" skipped="0">
  <testcase classname="com.abnamro.test.NewIssueTest" name="createIssue" time="2.323"/>
  <testcase classname="com.abnamro.test.NewIssueTest" name="editIssue" time="0.644"/>
  <testcase classname="com.abnamro.test.NewIssueTest" name="getIssue" time="0.424"/>
  <testcase classname="com.abnamro.test.NewIssueTest" name="deleteIssue" time="0.337"/>
</testsuite> <!-- com.abnamro.test.NewIssueTest -->
